::1 - - [10/Jul/2020:07:58:00 +0000] "GET / HTTP/1.1" - - "-" "Mozilla/5.0 (Windows NT 6.1; Win64; x64) AppleWebKit/537.36 (KHTML, like Gecko) Chrome/83.0.4103.116 Safari/537.36"
::1 - - [10/Jul/2020:07:58:12 +0000] "GET / HTTP/1.1" - - "-" "Mozilla/5.0 (Windows NT 6.1; Win64; x64) AppleWebKit/537.36 (KHTML, like Gecko) Chrome/83.0.4103.116 Safari/537.36"
::1 - - [10/Jul/2020:08:00:08 +0000] "GET /user HTTP/1.1" - - "-" "Mozilla/5.0 (Windows NT 6.1; Win64; x64) AppleWebKit/537.36 (KHTML, like Gecko) Chrome/83.0.4103.116 Safari/537.36"
::1 - - [10/Jul/2020:08:00:28 +0000] "GET /user HTTP/1.1" - - "-" "PostmanRuntime/7.6.0"
::1 - - [10/Jul/2020:08:02:08 +0000] "GET /user HTTP/1.1" - - "-" "Mozilla/5.0 (Windows NT 6.1; Win64; x64) AppleWebKit/537.36 (KHTML, like Gecko) Chrome/83.0.4103.116 Safari/537.36"
::1 - - [10/Jul/2020:08:02:22 +0000] "GET /user HTTP/1.1" 404 143 "-" "PostmanRuntime/7.6.0"
::1 - - [10/Jul/2020:08:02:39 +0000] "GET /users HTTP/1.1" 200 25 "-" "PostmanRuntime/7.6.0"
::1 - - [10/Jul/2020:08:03:02 +0000] "GET /users HTTP/1.1" - - "-" "PostmanRuntime/7.6.0"
::1 - - [10/Jul/2020:08:03:03 +0000] "GET /user HTTP/1.1" 200 25 "-" "PostmanRuntime/7.6.0"
::1 - - [10/Jul/2020:08:04:27 +0000] "GET /user/addUser?name=linzhiqiang HTTP/1.1" - - "-" "PostmanRuntime/7.6.0"
::1 - - [10/Jul/2020:08:04:28 +0000] "POST /user/addUser?name=linzhiqiang HTTP/1.1" 200 33 "-" "PostmanRuntime/7.6.0"
::1 - - [10/Jul/2020:08:12:26 +0000] "GET /user HTTP/1.1" 200 32 "-" "Mozilla/5.0 (Windows NT 6.1; Win64; x64) AppleWebKit/537.36 (KHTML, like Gecko) Chrome/83.0.4103.116 Safari/537.36"
::1 - - [10/Jul/2020:10:44:36 +0000] "POST /user/addUser?name=linzhiqiang&password=lzq123456&phone=13198914422&role=1&sex=%E7%94%B7 HTTP/1.1" 200 24 "-" "PostmanRuntime/7.6.0"
::1 - - [10/Jul/2020:10:45:05 +0000] "POST /user/addUser?name=linzhiqiang&password=lzq123456&phone=13198914422&role=1&sex=boy HTTP/1.1" 200 24 "-" "PostmanRuntime/7.6.0"
::1 - - [10/Jul/2020:10:46:55 +0000] "POST /user/addUser?name=linzhiqiang&password=lzq123456&phone=13198914422&role=1&sex=boy HTTP/1.1" 200 24 "-" "PostmanRuntime/7.6.0"
::1 - - [10/Jul/2020:10:47:41 +0000] "POST /user/addUser?name=linzhiqiang&password=lzq123456&phone=13198914422&role=1&sex=boy HTTP/1.1" 200 24 "-" "PostmanRuntime/7.6.0"
::1 - - [10/Jul/2020:10:51:59 +0000] "POST /user/addUser?name=linzhiqiang&password=lzq123456&phone=13198914422&role=1&sex=boy HTTP/1.1" 200 24 "-" "PostmanRuntime/7.6.0"
::1 - - [10/Jul/2020:10:52:07 +0000] "POST /user/addUser?name=linzhiqiang&password=lzq123456&phone=13198914422&role=1&sex=boy HTTP/1.1" 200 24 "-" "PostmanRuntime/7.6.0"
::1 - - [10/Jul/2020:10:53:20 +0000] "POST /user/addUser?name=linzhiqiang&password=lzq123456&phone=13198914422&role=1&sex=boy HTTP/1.1" 200 24 "-" "PostmanRuntime/7.6.0"
::1 - - [10/Jul/2020:10:55:20 +0000] "POST /user/addUser?name=linzhiqiang&password=lzq123456&phone=13198914422&role=1&sex=boy HTTP/1.1" 200 24 "-" "PostmanRuntime/7.6.0"
::1 - - [10/Jul/2020:10:56:37 +0000] "POST /user/addUser?name=linzhiqiang&password=lzq123456&phone=13198914422&role=1&sex=boy HTTP/1.1" 200 24 "-" "PostmanRuntime/7.6.0"
::1 - - [10/Jul/2020:10:59:34 +0000] "POST /user/addUser?name=linzhiqiang&password=lzq123456&phone=13198914422&role=1&sex=boy HTTP/1.1" 200 24 "-" "PostmanRuntime/7.6.0"
::1 - - [10/Jul/2020:10:59:45 +0000] "POST /user/addUser?name=linzhiqiang&password=lzq123456&phone=13198914422&role=1&sex=boy HTTP/1.1" 200 24 "-" "PostmanRuntime/7.6.0"
::1 - - [10/Jul/2020:11:04:24 +0000] "POST /user/addUser?name=linzhiqiang&password=lzq123456&phone=13198914422&role=1&sex=boy HTTP/1.1" 200 24 "-" "PostmanRuntime/7.6.0"
::1 - - [10/Jul/2020:11:04:54 +0000] "POST /user/addUser?name=linzhiqiang&password=lzq123456&phone=13198914422&role=1&sex=boy HTTP/1.1" 200 24 "-" "PostmanRuntime/7.6.0"
::1 - - [10/Jul/2020:11:06:15 +0000] "POST /user/addUser?name=linzhiqiang&password=lzq123456&phone=13198914422&role=1&sex=boy HTTP/1.1" 200 24 "-" "PostmanRuntime/7.6.0"
::1 - - [10/Jul/2020:11:07:17 +0000] "POST /user/addUser?name=linzhiqiang&password=lzq123456&phone=13198914422&role=1&sex=boy HTTP/1.1" 200 124 "-" "PostmanRuntime/7.6.0"
::1 - - [10/Jul/2020:11:09:59 +0000] "POST /user/addUser?name=linzhiqiang&password=lzq123456&phone=13198914422&role=1&sex=boy HTTP/1.1" 200 124 "-" "PostmanRuntime/7.6.0"
::1 - - [10/Jul/2020:11:10:19 +0000] "POST /user/addUser?name=linzhiqiang&password=lzq123456&phone=13198914422&role=1&sex=boy HTTP/1.1" 200 58 "-" "PostmanRuntime/7.6.0"
::1 - - [10/Jul/2020:11:10:50 +0000] "POST /user/addUser?name=linzhiqiang&password=lzq123456&phone=13198914422&role=1&sex=boy HTTP/1.1" 200 58 "-" "PostmanRuntime/7.6.0"
::1 - - [10/Jul/2020:11:11:53 +0000] "POST /user/addUser?name=linzhiqiang&password=lzq123456&phone=13198914422&role=1&sex=boy HTTP/1.1" 200 58 "-" "PostmanRuntime/7.6.0"
::1 - - [10/Jul/2020:11:13:15 +0000] "POST /user/addUser?name=linzhiqiang&password=lzq123456&phone=13198914422&role=1&sex=boy HTTP/1.1" 200 58 "-" "PostmanRuntime/7.6.0"
::1 - - [10/Jul/2020:11:14:03 +0000] "POST /user/addUser?name=linzhiqiang&password=lzq123456&phone=13198914422&role=1&sex=boy HTTP/1.1" 200 58 "-" "PostmanRuntime/7.6.0"
::1 - - [10/Jul/2020:11:18:08 +0000] "POST /user/addUser?%22name%22=%22linzhiqiang%22 HTTP/1.1" 200 58 "-" "PostmanRuntime/7.6.0"
::1 - - [10/Jul/2020:11:25:42 +0000] "POST /user/addUser?name=linzhiqiang&password=lzq123456&phone=13198914422&role=1&sex=boy HTTP/1.1" 200 124 "-" "PostmanRuntime/7.6.0"
::1 - - [10/Jul/2020:11:26:58 +0000] "POST /user/addUser?name=linzhiqiang6666&password=lzq123456&phone=13198914422&role=1&sex=boy HTTP/1.1" 200 58 "-" "PostmanRuntime/7.6.0"
::1 - - [10/Jul/2020:11:28:28 +0000] "POST /user/addUser?name=linzhiqiang6666&password=lzq123456&phone=13198914422&role=1&sex=boy HTTP/1.1" 200 128 "-" "PostmanRuntime/7.6.0"
::1 - - [10/Jul/2020:11:30:24 +0000] "POST /user/addUser?name=linzhiqiang6666&password=lzq123456&phone=13198914422&role=1&sex=boy HTTP/1.1" 200 128 "-" "PostmanRuntime/7.6.0"
::1 - - [10/Jul/2020:11:32:30 +0000] "POST /user/addUser?name=linzhiqiang6666&password=lzq123456&phone=13198914422&role=1&sex=boy HTTP/1.1" 200 128 "-" "PostmanRuntime/7.6.0"
::1 - - [11/Jul/2020:02:20:08 +0000] "POST /user/addUser?name=linzhiqiang&password=lzq123456&phone=13198914422&role=1&sex=boy HTTP/1.1" 200 128 "-" "PostmanRuntime/7.6.0"
::1 - - [11/Jul/2020:02:20:38 +0000] "POST /user/addUser?name=linzhiqiang&password=lzq123456&phone=13198914422&role=1&sex=boy HTTP/1.1" 200 24 "-" "PostmanRuntime/7.6.0"
::1 - - [11/Jul/2020:02:23:30 +0000] "POST /user/addUser?name=linzhiqiang&password=lzq123456&phone=13198914422&role=1&sex=boy HTTP/1.1" 200 118 "-" "PostmanRuntime/7.6.0"
::1 - - [11/Jul/2020:02:30:26 +0000] "POST /user/addUser?name=linzhiqiang&password=lzq123456&phone=13198914422&role=1&sex=boy HTTP/1.1" 200 24 "-" "PostmanRuntime/7.6.0"
::1 - - [11/Jul/2020:02:31:50 +0000] "POST /user/addUser?name=linzhiqiang&password=lzq123456&phone=13198914422&role=1&sex=boy HTTP/1.1" 200 24 "-" "PostmanRuntime/7.6.0"
::1 - - [11/Jul/2020:02:32:20 +0000] "POST /user/addUser?name=linzhiqiang&password=lzq123456&phone=13198914422&role=1&sex=boy HTTP/1.1" 200 24 "-" "PostmanRuntime/7.6.0"
::1 - - [11/Jul/2020:02:35:08 +0000] "POST /user/addUser?name=linzhiqiang&password=lzq123456&phone=13198914422&role=1&sex=boy HTTP/1.1" 200 57 "-" "PostmanRuntime/7.6.0"
::1 - - [11/Jul/2020:03:12:18 +0000] "POST /user/editUser?name=linzhiqiang&password=lzq123456&phone=13198914422&role=1&sex=boy HTTP/1.1" 200 51 "-" "PostmanRuntime/7.6.0"
::1 - - [11/Jul/2020:03:12:35 +0000] "POST /user/editUser?name=linzhiqiang&password=lzq123456&phone=13198914422&role=1&sex=boy HTTP/1.1" 200 45 "-" "PostmanRuntime/7.6.0"
::1 - - [11/Jul/2020:03:13:29 +0000] "POST /user/editUser?name=linzhiqiang&password=lzq123456&phone=13198914422&role=1&sex=boy HTTP/1.1" 200 118 "-" "PostmanRuntime/7.6.0"
::1 - - [11/Jul/2020:03:16:30 +0000] "POST /user/addUser?name=linzhiqiang&password=lzq123456&phone=13198914422&role=1&sex=boy HTTP/1.1" 200 57 "-" "PostmanRuntime/7.6.0"
::1 - - [11/Jul/2020:03:20:03 +0000] "POST /user/addUser?name=linzhiqiang&password=lzq123456&phone=13198914422&role=1&sex=boy HTTP/1.1" 200 116 "-" "PostmanRuntime/7.6.0"
::1 - - [11/Jul/2020:03:54:04 +0000] "GET /user/login HTTP/1.1" - - "-" "PostmanRuntime/7.6.0"
::1 - - [11/Jul/2020:03:54:27 +0000] "GET /user/login HTTP/1.1" - - "-" "PostmanRuntime/7.6.0"
::1 - - [11/Jul/2020:03:54:28 +0000] "POST /user/login HTTP/1.1" 200 283 "-" "PostmanRuntime/7.6.0"
::1 - - [11/Jul/2020:03:55:48 +0000] "POST /user/login HTTP/1.1" 200 45 "-" "PostmanRuntime/7.6.0"
::1 - - [11/Jul/2020:06:06:48 +0000] "POST /user/login HTTP/1.1" 200 283 "-" "PostmanRuntime/7.6.0"
::1 - - [11/Jul/2020:06:06:54 +0000] "POST /user/login HTTP/1.1" 200 283 "-" "PostmanRuntime/7.6.0"
::1 - - [11/Jul/2020:06:11:06 +0000] "POST /user/login HTTP/1.1" 200 283 "-" "PostmanRuntime/7.6.0"
::1 - - [11/Jul/2020:06:31:13 +0000] "POST /user/editUser?name=linzhiqiang&password=lzq123456&phone=13198914422&role=1&sex=boy HTTP/1.1" 200 118 "-" "PostmanRuntime/7.6.0"
::1 - - [11/Jul/2020:06:32:33 +0000] "POST /user/editUser?name=linzhiqiang&password=lzq123456&phone=13198914422&role=1&sex=boy HTTP/1.1" 200 120 "-" "PostmanRuntime/7.6.0"
::1 - - [11/Jul/2020:06:37:29 +0000] "POST /user/editUser?name=linzhiqiang&password=lzq123456&phone=13198914422&role=1&sex=boy HTTP/1.1" 401 44 "-" "PostmanRuntime/7.6.0"
::1 - - [11/Jul/2020:07:03:11 +0000] "POST /user/login HTTP/1.1" 200 285 "-" "PostmanRuntime/7.6.0"
::1 - - [11/Jul/2020:07:04:39 +0000] "POST /user/editUser?name=linzhiqiang&password=lzq123456&phone=13198914422&role=1&sex=boy HTTP/1.1" 200 120 "-" "PostmanRuntime/7.6.0"
::1 - - [11/Jul/2020:07:05:03 +0000] "POST /user/editUser?name=linzhiqiang&password=lzq123456&phone=13198914422&role=1&sex=boy HTTP/1.1" 401 44 "-" "PostmanRuntime/7.6.0"
::1 - - [11/Jul/2020:07:05:55 +0000] "POST /user/editUser?name=linzhiqiang&password=lzq123456&phone=13198914422&role=1&sex=boy HTTP/1.1" 200 120 "-" "PostmanRuntime/7.6.0"
::1 - - [11/Jul/2020:07:07:32 +0000] "POST /user/editUser?name=linzhiqiang&password=lzq123456&phone=13198914422&role=1&sex=boy HTTP/1.1" 401 44 "-" "PostmanRuntime/7.6.0"
::1 - - [11/Jul/2020:07:07:36 +0000] "POST /user/editUser?name=linzhiqiang&password=lzq123456&phone=13198914422&role=1&sex=boy HTTP/1.1" 200 120 "-" "PostmanRuntime/7.6.0"
::1 - - [13/Jul/2020:07:15:26 +0000] "POST /user/login HTTP/1.1" 200 386 "http://192.168.32.12:10086/" "Mozilla/5.0 (iPhone; CPU iPhone OS 13_2_3 like Mac OS X) AppleWebKit/605.1.15 (KHTML, like Gecko) Version/13.0.3 Mobile/15E148 Safari/604.1"
::1 - - [13/Jul/2020:07:16:01 +0000] "POST /user/login HTTP/1.1" 200 386 "http://192.168.32.12:10086/" "Mozilla/5.0 (iPhone; CPU iPhone OS 13_2_3 like Mac OS X) AppleWebKit/605.1.15 (KHTML, like Gecko) Version/13.0.3 Mobile/15E148 Safari/604.1"
::1 - - [13/Jul/2020:07:24:12 +0000] "POST /user/login HTTP/1.1" 200 45 "http://192.168.32.12:10086/" "Mozilla/5.0 (iPhone; CPU iPhone OS 13_2_3 like Mac OS X) AppleWebKit/605.1.15 (KHTML, like Gecko) Version/13.0.3 Mobile/15E148 Safari/604.1"
::1 - - [13/Jul/2020:07:29:06 +0000] "POST /user/login HTTP/1.1" 200 45 "http://192.168.32.12:10086/" "Mozilla/5.0 (iPhone; CPU iPhone OS 13_2_3 like Mac OS X) AppleWebKit/605.1.15 (KHTML, like Gecko) Version/13.0.3 Mobile/15E148 Safari/604.1"
::1 - - [13/Jul/2020:07:30:16 +0000] "POST /user/login HTTP/1.1" 200 386 "http://192.168.32.12:10086/" "Mozilla/5.0 (iPhone; CPU iPhone OS 13_2_3 like Mac OS X) AppleWebKit/605.1.15 (KHTML, like Gecko) Version/13.0.3 Mobile/15E148 Safari/604.1"
::1 - - [13/Jul/2020:07:38:51 +0000] "POST /user/login HTTP/1.1" 200 386 "http://192.168.32.12:10086/" "Mozilla/5.0 (iPhone; CPU iPhone OS 13_2_3 like Mac OS X) AppleWebKit/605.1.15 (KHTML, like Gecko) Version/13.0.3 Mobile/15E148 Safari/604.1"
::1 - - [15/Sep/2020:09:36:52 +0000] "GET / HTTP/1.1" 401 44 "-" "Mozilla/5.0 (Windows NT 10.0; WOW64) AppleWebKit/537.36 (KHTML, like Gecko) Chrome/83.0.4103.97 Safari/537.36"
::1 - - [15/Sep/2020:09:36:52 +0000] "GET /favicon.ico HTTP/1.1" 401 44 "http://localhost:3005/" "Mozilla/5.0 (Windows NT 10.0; WOW64) AppleWebKit/537.36 (KHTML, like Gecko) Chrome/83.0.4103.97 Safari/537.36"
::1 - - [15/Sep/2020:09:38:01 +0000] "GET /user HTTP/1.1" 401 44 "-" "PostmanRuntime/7.6.0"
::1 - - [15/Sep/2020:09:38:47 +0000] "GET /user HTTP/1.1" 200 32 "-" "PostmanRuntime/7.6.0"
::1 - - [15/Sep/2020:09:48:16 +0000] "POST /user/addUser HTTP/1.1" 200 45 "-" "PostmanRuntime/7.6.0"
::1 - - [15/Sep/2020:09:50:21 +0000] "POST /user/addUser HTTP/1.1" 200 45 "-" "PostmanRuntime/7.6.0"
::1 - - [15/Sep/2020:09:50:25 +0000] "POST /user/addUser HTTP/1.1" 200 45 "-" "PostmanRuntime/7.6.0"
::1 - - [15/Sep/2020:09:50:44 +0000] "POST /user/addUser HTTP/1.1" 200 51 "-" "PostmanRuntime/7.6.0"
::1 - - [15/Sep/2020:09:52:02 +0000] "POST /user/addUser HTTP/1.1" 200 51 "-" "PostmanRuntime/7.6.0"
::1 - - [15/Sep/2020:09:55:25 +0000] "POST /user/addUser HTTP/1.1" 200 126 "-" "PostmanRuntime/7.6.0"
::1 - - [15/Sep/2020:09:55:25 +0000] "POST /user/addUser HTTP/1.1" 200 57 "-" "PostmanRuntime/7.6.0"
::1 - - [15/Sep/2020:09:55:56 +0000] "POST /user/addUser HTTP/1.1" 200 57 "-" "PostmanRuntime/7.6.0"
::1 - - [15/Sep/2020:09:56:21 +0000] "POST /user/addUser HTTP/1.1" 200 57 "-" "PostmanRuntime/7.6.0"
::1 - - [15/Sep/2020:09:56:55 +0000] "POST /user/addUser HTTP/1.1" 200 57 "-" "PostmanRuntime/7.6.0"
::1 - - [15/Sep/2020:10:46:06 +0000] "POST /user/editUser HTTP/1.1" 401 44 "-" "PostmanRuntime/7.6.0"
::1 - - [15/Sep/2020:10:47:56 +0000] "POST /user/editUser HTTP/1.1" 200 45 "-" "PostmanRuntime/7.6.0"
::1 - - [15/Sep/2020:10:48:39 +0000] "POST /user/editUser HTTP/1.1" 200 50 "-" "PostmanRuntime/7.6.0"
::1 - - [15/Sep/2020:10:49:00 +0000] "POST /user/editUser HTTP/1.1" 200 45 "-" "PostmanRuntime/7.6.0"
::1 - - [15/Sep/2020:10:49:33 +0000] "POST /user/editUser HTTP/1.1" 200 45 "-" "PostmanRuntime/7.6.0"
::1 - - [15/Sep/2020:10:50:57 +0000] "POST /user/editUser HTTP/1.1" 200 45 "-" "PostmanRuntime/7.6.0"
::1 - - [15/Sep/2020:10:51:01 +0000] "POST /user/editUser HTTP/1.1" 200 45 "-" "PostmanRuntime/7.6.0"
::1 - - [15/Sep/2020:10:51:43 +0000] "POST /user/editUser HTTP/1.1" 200 136 "-" "PostmanRuntime/7.6.0"
::1 - - [16/Sep/2020:07:54:59 +0000] "POST /user/editUser HTTP/1.1" 200 136 "-" "PostmanRuntime/7.6.0"
::1 - - [16/Sep/2020:07:56:49 +0000] "POST /user/editUser HTTP/1.1" 200 51 "-" "PostmanRuntime/7.6.0"
::1 - - [16/Sep/2020:07:59:33 +0000] "POST /user/login HTTP/1.1" 200 405 "-" "PostmanRuntime/7.6.0"
::1 - - [16/Sep/2020:07:59:45 +0000] "POST /user/login HTTP/1.1" 200 45 "-" "PostmanRuntime/7.6.0"
::1 - - [16/Sep/2020:07:59:51 +0000] "POST /user/login HTTP/1.1" 200 51 "-" "PostmanRuntime/7.6.0"
::1 - - [16/Sep/2020:07:59:56 +0000] "POST /user/login HTTP/1.1" 200 405 "-" "PostmanRuntime/7.6.0"
::1 - - [16/Sep/2020:08:00:00 +0000] "POST /user/login HTTP/1.1" 200 405 "-" "PostmanRuntime/7.6.0"
::1 - - [16/Sep/2020:08:00:01 +0000] "POST /user/login HTTP/1.1" 200 405 "-" "PostmanRuntime/7.6.0"
::1 - - [16/Sep/2020:08:00:01 +0000] "POST /user/login HTTP/1.1" 200 405 "-" "PostmanRuntime/7.6.0"
::1 - - [16/Sep/2020:08:00:02 +0000] "POST /user/login HTTP/1.1" 200 405 "-" "PostmanRuntime/7.6.0"
::1 - - [16/Sep/2020:08:00:04 +0000] "POST /user/login HTTP/1.1" 200 405 "-" "PostmanRuntime/7.6.0"
::1 - - [16/Sep/2020:08:00:04 +0000] "POST /user/login HTTP/1.1" 200 405 "-" "PostmanRuntime/7.6.0"
::1 - - [16/Sep/2020:11:51:50 +0000] "POST /user/login HTTP/1.1" 200 45 "http://localhost:8081/" "Mozilla/5.0 (Windows NT 10.0; WOW64) AppleWebKit/537.36 (KHTML, like Gecko) Chrome/83.0.4103.97 Safari/537.36"
::1 - - [16/Sep/2020:11:52:10 +0000] "POST /user/login HTTP/1.1" 200 45 "http://localhost:8081/" "Mozilla/5.0 (Windows NT 10.0; WOW64) AppleWebKit/537.36 (KHTML, like Gecko) Chrome/83.0.4103.97 Safari/537.36"
::1 - - [16/Sep/2020:11:55:54 +0000] "POST /user/login HTTP/1.1" 200 45 "http://localhost:8081/" "Mozilla/5.0 (Windows NT 10.0; WOW64) AppleWebKit/537.36 (KHTML, like Gecko) Chrome/83.0.4103.97 Safari/537.36"
::1 - - [16/Sep/2020:11:56:13 +0000] "POST /user/login HTTP/1.1" 200 51 "http://localhost:8081/" "Mozilla/5.0 (Windows NT 10.0; WOW64) AppleWebKit/537.36 (KHTML, like Gecko) Chrome/83.0.4103.97 Safari/537.36"
::1 - - [16/Sep/2020:12:02:19 +0000] "POST /user/login HTTP/1.1" 200 51 "http://localhost:8081/" "Mozilla/5.0 (Windows NT 10.0; WOW64) AppleWebKit/537.36 (KHTML, like Gecko) Chrome/83.0.4103.97 Safari/537.36"
::1 - - [16/Sep/2020:12:04:04 +0000] "POST /user/login HTTP/1.1" 200 405 "-" "PostmanRuntime/7.6.0"
::1 - - [16/Sep/2020:12:08:35 +0000] "POST /user/login HTTP/1.1" 200 51 "http://localhost:8081/" "Mozilla/5.0 (Windows NT 10.0; WOW64) AppleWebKit/537.36 (KHTML, like Gecko) Chrome/83.0.4103.97 Safari/537.36"
::1 - - [16/Sep/2020:12:10:13 +0000] "POST /user/login HTTP/1.1" 200 51 "http://localhost:8081/" "Mozilla/5.0 (Windows NT 10.0; WOW64) AppleWebKit/537.36 (KHTML, like Gecko) Chrome/83.0.4103.97 Safari/537.36"
::1 - - [16/Sep/2020:12:12:23 +0000] "POST /user/login HTTP/1.1" 200 51 "http://localhost:8081/" "Mozilla/5.0 (Windows NT 10.0; WOW64) AppleWebKit/537.36 (KHTML, like Gecko) Chrome/83.0.4103.97 Safari/537.36"
::1 - - [16/Sep/2020:12:13:24 +0000] "POST /user/login HTTP/1.1" 200 51 "http://localhost:8081/" "Mozilla/5.0 (Windows NT 10.0; WOW64) AppleWebKit/537.36 (KHTML, like Gecko) Chrome/83.0.4103.97 Safari/537.36"
::1 - - [16/Sep/2020:12:13:34 +0000] "POST /user/login HTTP/1.1" - - "http://localhost:8081/" "Mozilla/5.0 (Windows NT 10.0; WOW64) AppleWebKit/537.36 (KHTML, like Gecko) Chrome/83.0.4103.97 Safari/537.36"
::1 - - [16/Sep/2020:12:14:09 +0000] "POST /user/login HTTP/1.1" - - "http://localhost:8081/" "Mozilla/5.0 (Windows NT 10.0; WOW64) AppleWebKit/537.36 (KHTML, like Gecko) Chrome/83.0.4103.97 Safari/537.36"
::1 - - [16/Sep/2020:12:16:02 +0000] "POST /user/login HTTP/1.1" - - "http://localhost:8081/" "Mozilla/5.0 (Windows NT 10.0; WOW64) AppleWebKit/537.36 (KHTML, like Gecko) Chrome/83.0.4103.97 Safari/537.36"
::1 - - [16/Sep/2020:12:16:43 +0000] "POST /user/login HTTP/1.1" - - "http://localhost:8081/" "Mozilla/5.0 (Windows NT 10.0; WOW64) AppleWebKit/537.36 (KHTML, like Gecko) Chrome/83.0.4103.97 Safari/537.36"
::1 - - [16/Sep/2020:12:17:07 +0000] "POST /user/login HTTP/1.1" 200 405 "-" "PostmanRuntime/7.6.0"
::1 - - [16/Sep/2020:12:17:11 +0000] "POST /user/login HTTP/1.1" 200 51 "http://localhost:8081/" "Mozilla/5.0 (Windows NT 10.0; WOW64) AppleWebKit/537.36 (KHTML, like Gecko) Chrome/83.0.4103.97 Safari/537.36"
::1 - - [16/Sep/2020:12:17:16 +0000] "POST /user/login HTTP/1.1" 200 51 "http://localhost:8081/" "Mozilla/5.0 (Windows NT 10.0; WOW64) AppleWebKit/537.36 (KHTML, like Gecko) Chrome/83.0.4103.97 Safari/537.36"
::1 - - [16/Sep/2020:12:17:22 +0000] "POST /user/login HTTP/1.1" 200 51 "http://localhost:8081/" "Mozilla/5.0 (Windows NT 10.0; WOW64) AppleWebKit/537.36 (KHTML, like Gecko) Chrome/83.0.4103.97 Safari/537.36"
::1 - - [16/Sep/2020:12:18:17 +0000] "POST /user/login HTTP/1.1" 200 51 "http://localhost:8081/" "Mozilla/5.0 (Windows NT 10.0; WOW64) AppleWebKit/537.36 (KHTML, like Gecko) Chrome/83.0.4103.97 Safari/537.36"
::1 - - [16/Sep/2020:12:27:18 +0000] "POST /user/login HTTP/1.1" 200 51 "http://localhost:8081/" "Mozilla/5.0 (Windows NT 10.0; WOW64) AppleWebKit/537.36 (KHTML, like Gecko) Chrome/83.0.4103.97 Safari/537.36"
::1 - - [16/Sep/2020:12:27:26 +0000] "POST /user/login HTTP/1.1" 200 45 "http://localhost:8081/" "Mozilla/5.0 (Windows NT 10.0; WOW64) AppleWebKit/537.36 (KHTML, like Gecko) Chrome/83.0.4103.97 Safari/537.36"
::1 - - [16/Sep/2020:12:27:35 +0000] "POST /user/login HTTP/1.1" 200 405 "http://localhost:8081/" "Mozilla/5.0 (Windows NT 10.0; WOW64) AppleWebKit/537.36 (KHTML, like Gecko) Chrome/83.0.4103.97 Safari/537.36"
::1 - - [16/Sep/2020:12:27:35 +0000] "GET /vue-admin-template/user/info?token=eyJhbGciOiJIUzI1NiIsInR5cCI6IkpXVCJ9.eyJ1aWQiOjEsIm5hbWUiOiJsaW56aGlxaWFuZyIsInBhc3N3b3JkIjoiMTIzNDU2Nzg5IiwicGhvbmUiOiIxMzE5ODkxNDQyMiIsInJvbGUiOiJhZG1pbiIsInNleCI6IjEiLCJpYXQiOjE2MDAyNTkyNTUsImV4cCI6MTYwMDI3MzY1NX0.9sP9zvn6oMqxC4alge59GkILJwhwraVF65rJY6Krs3c HTTP/1.1" 401 44 "http://localhost:8081/" "Mozilla/5.0 (Windows NT 10.0; WOW64) AppleWebKit/537.36 (KHTML, like Gecko) Chrome/83.0.4103.97 Safari/537.36"
::1 - - [16/Sep/2020:12:27:48 +0000] "POST /user/login HTTP/1.1" 200 51 "http://localhost:8081/" "Mozilla/5.0 (Windows NT 10.0; WOW64) AppleWebKit/537.36 (KHTML, like Gecko) Chrome/83.0.4103.97 Safari/537.36"
::1 - - [16/Sep/2020:12:28:05 +0000] "POST /user/login HTTP/1.1" 200 405 "http://localhost:8081/" "Mozilla/5.0 (Windows NT 10.0; WOW64) AppleWebKit/537.36 (KHTML, like Gecko) Chrome/83.0.4103.97 Safari/537.36"
::1 - - [16/Sep/2020:12:28:05 +0000] "GET /vue-admin-template/user/info?token=eyJhbGciOiJIUzI1NiIsInR5cCI6IkpXVCJ9.eyJ1aWQiOjEsIm5hbWUiOiJsaW56aGlxaWFuZyIsInBhc3N3b3JkIjoiMTIzNDU2Nzg5IiwicGhvbmUiOiIxMzE5ODkxNDQyMiIsInJvbGUiOiJhZG1pbiIsInNleCI6IjEiLCJpYXQiOjE2MDAyNTkyODUsImV4cCI6MTYwMDI3MzY4NX0.1a_ZuL_W_c0OsA4QaDCiGj25vFgaqRis4sLjqpPoOqE HTTP/1.1" 401 44 "http://localhost:8081/" "Mozilla/5.0 (Windows NT 10.0; WOW64) AppleWebKit/537.36 (KHTML, like Gecko) Chrome/83.0.4103.97 Safari/537.36"
::1 - - [16/Sep/2020:12:29:49 +0000] "POST /user/login HTTP/1.1" - - "http://localhost:8081/" "Mozilla/5.0 (Windows NT 10.0; WOW64) AppleWebKit/537.36 (KHTML, like Gecko) Chrome/83.0.4103.97 Safari/537.36"
::1 - - [16/Sep/2020:12:30:09 +0000] "POST /user/login HTTP/1.1" 200 405 "http://localhost:8081/" "Mozilla/5.0 (Windows NT 10.0; WOW64) AppleWebKit/537.36 (KHTML, like Gecko) Chrome/83.0.4103.97 Safari/537.36"
::1 - - [16/Sep/2020:12:30:09 +0000] "GET /vue-admin-template/user/info?token=eyJhbGciOiJIUzI1NiIsInR5cCI6IkpXVCJ9.eyJ1aWQiOjEsIm5hbWUiOiJsaW56aGlxaWFuZyIsInBhc3N3b3JkIjoiMTIzNDU2Nzg5IiwicGhvbmUiOiIxMzE5ODkxNDQyMiIsInJvbGUiOiJhZG1pbiIsInNleCI6IjEiLCJpYXQiOjE2MDAyNTk0MDksImV4cCI6MTYwMDI3MzgwOX0.s6A1PFq_bQ2ja0MUpf8ndaib_9b_MdsCNME4MQXo8Oc HTTP/1.1" 401 44 "http://localhost:8081/" "Mozilla/5.0 (Windows NT 10.0; WOW64) AppleWebKit/537.36 (KHTML, like Gecko) Chrome/83.0.4103.97 Safari/537.36"
::1 - - [16/Sep/2020:12:30:18 +0000] "POST /user/login HTTP/1.1" 200 51 "http://localhost:8081/" "Mozilla/5.0 (Windows NT 10.0; WOW64) AppleWebKit/537.36 (KHTML, like Gecko) Chrome/83.0.4103.97 Safari/537.36"
::1 - - [16/Sep/2020:12:30:33 +0000] "POST /user/login HTTP/1.1" 200 405 "http://localhost:8081/" "Mozilla/5.0 (Windows NT 10.0; WOW64) AppleWebKit/537.36 (KHTML, like Gecko) Chrome/83.0.4103.97 Safari/537.36"
::1 - - [16/Sep/2020:12:30:33 +0000] "GET /vue-admin-template/user/info?token=eyJhbGciOiJIUzI1NiIsInR5cCI6IkpXVCJ9.eyJ1aWQiOjEsIm5hbWUiOiJsaW56aGlxaWFuZyIsInBhc3N3b3JkIjoiMTIzNDU2Nzg5IiwicGhvbmUiOiIxMzE5ODkxNDQyMiIsInJvbGUiOiJhZG1pbiIsInNleCI6IjEiLCJpYXQiOjE2MDAyNTk0MzMsImV4cCI6MTYwMDI3MzgzM30.YvWbWXlBJ6iHWNBIxR0neREmEo5FKs72I8JfPBTwVPo HTTP/1.1" 401 44 "http://localhost:8081/" "Mozilla/5.0 (Windows NT 10.0; WOW64) AppleWebKit/537.36 (KHTML, like Gecko) Chrome/83.0.4103.97 Safari/537.36"
::1 - - [16/Sep/2020:12:31:46 +0000] "POST /user/login HTTP/1.1" 200 405 "http://localhost:8081/" "Mozilla/5.0 (Windows NT 10.0; WOW64) AppleWebKit/537.36 (KHTML, like Gecko) Chrome/83.0.4103.97 Safari/537.36"
::1 - - [16/Sep/2020:12:33:24 +0000] "POST /user/login HTTP/1.1" 200 405 "http://localhost:8081/" "Mozilla/5.0 (Windows NT 10.0; WOW64) AppleWebKit/537.36 (KHTML, like Gecko) Chrome/83.0.4103.97 Safari/537.36"
::1 - - [16/Sep/2020:12:34:59 +0000] "POST /user/login HTTP/1.1" 200 405 "http://localhost:8081/" "Mozilla/5.0 (Windows NT 10.0; WOW64) AppleWebKit/537.36 (KHTML, like Gecko) Chrome/83.0.4103.97 Safari/537.36"
::1 - - [17/Sep/2020:08:04:39 +0000] "POST /vue-admin-template/user/logout HTTP/1.1" 401 44 "http://localhost:8081/" "Mozilla/5.0 (Windows NT 10.0; WOW64) AppleWebKit/537.36 (KHTML, like Gecko) Chrome/83.0.4103.97 Safari/537.36"
::1 - - [17/Sep/2020:08:04:40 +0000] "POST /user/login HTTP/1.1" 200 51 "http://localhost:8081/" "Mozilla/5.0 (Windows NT 10.0; WOW64) AppleWebKit/537.36 (KHTML, like Gecko) Chrome/83.0.4103.97 Safari/537.36"
::1 - - [17/Sep/2020:08:05:27 +0000] "POST /user/login HTTP/1.1" 200 45 "http://localhost:8081/" "Mozilla/5.0 (Windows NT 10.0; WOW64) AppleWebKit/537.36 (KHTML, like Gecko) Chrome/83.0.4103.97 Safari/537.36"
::1 - - [17/Sep/2020:08:05:32 +0000] "POST /user/login HTTP/1.1" 200 45 "http://localhost:8081/" "Mozilla/5.0 (Windows NT 10.0; WOW64) AppleWebKit/537.36 (KHTML, like Gecko) Chrome/83.0.4103.97 Safari/537.36"
::1 - - [17/Sep/2020:08:05:45 +0000] "POST /user/login HTTP/1.1" 200 45 "http://localhost:8081/" "Mozilla/5.0 (Windows NT 10.0; WOW64) AppleWebKit/537.36 (KHTML, like Gecko) Chrome/83.0.4103.97 Safari/537.36"
::1 - - [17/Sep/2020:08:06:16 +0000] "POST /user/login HTTP/1.1" 200 405 "http://localhost:8081/" "Mozilla/5.0 (Windows NT 10.0; WOW64) AppleWebKit/537.36 (KHTML, like Gecko) Chrome/83.0.4103.97 Safari/537.36"
::1 - - [17/Sep/2020:08:21:21 +0000] "GET /vue-admin-template/user/info?token=eyJhbGciOiJIUzI1NiIsInR5cCI6IkpXVCJ9.eyJ1aWQiOjEsIm5hbWUiOiJsaW56aGlxaWFuZyIsInBhc3N3b3JkIjoiMTIzNDU2Nzg5IiwicGhvbmUiOiIxMzE5ODkxNDQyMiIsInJvbGUiOiJhZG1pbiIsInNleCI6IjEiLCJpYXQiOjE2MDAzMjk5NzYsImV4cCI6MTYwMDM0NDM3Nn0.GO04sa4ecqnQJpLvJcS8wTBJddK1_Z5xQ8JwEJbXRTY HTTP/1.1" 401 44 "http://localhost:8081/" "Mozilla/5.0 (Windows NT 10.0; WOW64) AppleWebKit/537.36 (KHTML, like Gecko) Chrome/83.0.4103.97 Safari/537.36"
::1 - - [17/Sep/2020:08:35:35 +0000] "POST /user/login HTTP/1.1" 200 405 "http://localhost:8081/" "Mozilla/5.0 (Windows NT 10.0; WOW64) AppleWebKit/537.36 (KHTML, like Gecko) Chrome/83.0.4103.97 Safari/537.36"
::1 - - [17/Sep/2020:08:35:35 +0000] "GET /user/userInfo HTTP/1.1" 401 44 "http://localhost:8081/" "Mozilla/5.0 (Windows NT 10.0; WOW64) AppleWebKit/537.36 (KHTML, like Gecko) Chrome/83.0.4103.97 Safari/537.36"
::1 - - [17/Sep/2020:08:36:15 +0000] "POST /user/login HTTP/1.1" 200 45 "http://localhost:8081/" "Mozilla/5.0 (Windows NT 10.0; WOW64) AppleWebKit/537.36 (KHTML, like Gecko) Chrome/83.0.4103.97 Safari/537.36"
::1 - - [17/Sep/2020:08:36:21 +0000] "POST /user/login HTTP/1.1" 200 405 "http://localhost:8081/" "Mozilla/5.0 (Windows NT 10.0; WOW64) AppleWebKit/537.36 (KHTML, like Gecko) Chrome/83.0.4103.97 Safari/537.36"
::1 - - [17/Sep/2020:08:36:59 +0000] "GET /user/userInfo HTTP/1.1" 401 - "http://localhost:8081/" "Mozilla/5.0 (Windows NT 10.0; WOW64) AppleWebKit/537.36 (KHTML, like Gecko) Chrome/83.0.4103.97 Safari/537.36"
::1 - - [17/Sep/2020:08:37:03 +0000] "POST /vue-admin-template/user/logout HTTP/1.1" 401 44 "http://localhost:8081/" "Mozilla/5.0 (Windows NT 10.0; WOW64) AppleWebKit/537.36 (KHTML, like Gecko) Chrome/83.0.4103.97 Safari/537.36"
::1 - - [17/Sep/2020:08:37:10 +0000] "POST /vue-admin-template/user/logout HTTP/1.1" 401 44 "http://localhost:8081/" "Mozilla/5.0 (Windows NT 10.0; WOW64) AppleWebKit/537.36 (KHTML, like Gecko) Chrome/83.0.4103.97 Safari/537.36"
::1 - - [17/Sep/2020:08:37:17 +0000] "POST /vue-admin-template/user/logout HTTP/1.1" 401 44 "http://localhost:8081/" "Mozilla/5.0 (Windows NT 10.0; WOW64) AppleWebKit/537.36 (KHTML, like Gecko) Chrome/83.0.4103.97 Safari/537.36"
::1 - - [17/Sep/2020:08:37:54 +0000] "POST /vue-admin-template/user/logout HTTP/1.1" 401 44 "http://localhost:8081/" "Mozilla/5.0 (Windows NT 10.0; WOW64) AppleWebKit/537.36 (KHTML, like Gecko) Chrome/83.0.4103.97 Safari/537.36"
::1 - - [17/Sep/2020:08:38:51 +0000] "POST /vue-admin-template/user/logout HTTP/1.1" 401 44 "http://localhost:8081/" "Mozilla/5.0 (Windows NT 10.0; WOW64) AppleWebKit/537.36 (KHTML, like Gecko) Chrome/83.0.4103.97 Safari/537.36"
::1 - - [17/Sep/2020:08:39:17 +0000] "POST /vue-admin-template/user/logout HTTP/1.1" 401 44 "http://localhost:8081/" "Mozilla/5.0 (Windows NT 10.0; WOW64) AppleWebKit/537.36 (KHTML, like Gecko) Chrome/83.0.4103.97 Safari/537.36"
::1 - - [17/Sep/2020:08:39:28 +0000] "POST /vue-admin-template/user/logout HTTP/1.1" 401 44 "http://localhost:8081/" "Mozilla/5.0 (Windows NT 10.0; WOW64) AppleWebKit/537.36 (KHTML, like Gecko) Chrome/83.0.4103.97 Safari/537.36"
::1 - - [17/Sep/2020:08:39:58 +0000] "POST /vue-admin-template/user/logout HTTP/1.1" 401 44 "http://localhost:8081/" "Mozilla/5.0 (Windows NT 10.0; WOW64) AppleWebKit/537.36 (KHTML, like Gecko) Chrome/83.0.4103.97 Safari/537.36"
::1 - - [17/Sep/2020:08:43:04 +0000] "POST /user/login HTTP/1.1" 200 45 "http://localhost:8081/" "Mozilla/5.0 (Windows NT 10.0; WOW64) AppleWebKit/537.36 (KHTML, like Gecko) Chrome/83.0.4103.97 Safari/537.36"
::1 - - [17/Sep/2020:08:43:12 +0000] "POST /user/login HTTP/1.1" 200 405 "http://localhost:8081/" "Mozilla/5.0 (Windows NT 10.0; WOW64) AppleWebKit/537.36 (KHTML, like Gecko) Chrome/83.0.4103.97 Safari/537.36"
::1 - - [17/Sep/2020:08:43:12 +0000] "GET /user/userInfo HTTP/1.1" 401 - "http://localhost:8081/" "Mozilla/5.0 (Windows NT 10.0; WOW64) AppleWebKit/537.36 (KHTML, like Gecko) Chrome/83.0.4103.97 Safari/537.36"
::1 - - [17/Sep/2020:08:45:12 +0000] "POST /user/login HTTP/1.1" 200 405 "http://localhost:8081/" "Mozilla/5.0 (Windows NT 10.0; WOW64) AppleWebKit/537.36 (KHTML, like Gecko) Chrome/83.0.4103.97 Safari/537.36"
::1 - - [17/Sep/2020:08:45:12 +0000] "GET /user/userInfo HTTP/1.1" 401 44 "http://localhost:8081/" "Mozilla/5.0 (Windows NT 10.0; WOW64) AppleWebKit/537.36 (KHTML, like Gecko) Chrome/83.0.4103.97 Safari/537.36"
::1 - - [17/Sep/2020:08:46:04 +0000] "POST /user/login HTTP/1.1" 200 405 "http://localhost:8081/" "Mozilla/5.0 (Windows NT 10.0; WOW64) AppleWebKit/537.36 (KHTML, like Gecko) Chrome/83.0.4103.97 Safari/537.36"
::1 - - [17/Sep/2020:08:46:04 +0000] "GET /user/userInfo HTTP/1.1" 401 - "http://localhost:8081/" "Mozilla/5.0 (Windows NT 10.0; WOW64) AppleWebKit/537.36 (KHTML, like Gecko) Chrome/83.0.4103.97 Safari/537.36"
::1 - - [17/Sep/2020:08:46:43 +0000] "POST /user/login HTTP/1.1" 200 405 "http://localhost:8081/" "Mozilla/5.0 (Windows NT 10.0; WOW64) AppleWebKit/537.36 (KHTML, like Gecko) Chrome/83.0.4103.97 Safari/537.36"
::1 - - [17/Sep/2020:08:46:43 +0000] "GET /user/userInfo HTTP/1.1" 401 - "http://localhost:8081/" "Mozilla/5.0 (Windows NT 10.0; WOW64) AppleWebKit/537.36 (KHTML, like Gecko) Chrome/83.0.4103.97 Safari/537.36"
::1 - - [17/Sep/2020:08:47:20 +0000] "POST /user/login HTTP/1.1" 200 405 "http://localhost:8081/" "Mozilla/5.0 (Windows NT 10.0; WOW64) AppleWebKit/537.36 (KHTML, like Gecko) Chrome/83.0.4103.97 Safari/537.36"
::1 - - [17/Sep/2020:08:49:26 +0000] "GET /user/userInfo HTTP/1.1" 401 - "http://localhost:8081/" "Mozilla/5.0 (Windows NT 10.0; WOW64) AppleWebKit/537.36 (KHTML, like Gecko) Chrome/83.0.4103.97 Safari/537.36"
::1 - - [17/Sep/2020:08:49:36 +0000] "POST /user/login HTTP/1.1" 200 405 "http://localhost:8081/" "Mozilla/5.0 (Windows NT 10.0; WOW64) AppleWebKit/537.36 (KHTML, like Gecko) Chrome/83.0.4103.97 Safari/537.36"
::1 - - [17/Sep/2020:08:49:36 +0000] "GET /user/userInfo HTTP/1.1" 401 - "http://localhost:8081/" "Mozilla/5.0 (Windows NT 10.0; WOW64) AppleWebKit/537.36 (KHTML, like Gecko) Chrome/83.0.4103.97 Safari/537.36"
::1 - - [17/Sep/2020:08:50:32 +0000] "POST /user/login HTTP/1.1" - - "http://localhost:8081/" "Mozilla/5.0 (Windows NT 10.0; WOW64) AppleWebKit/537.36 (KHTML, like Gecko) Chrome/83.0.4103.97 Safari/537.36"
::1 - - [17/Sep/2020:08:51:10 +0000] "POST /user/login HTTP/1.1" - - "http://localhost:8081/" "Mozilla/5.0 (Windows NT 10.0; WOW64) AppleWebKit/537.36 (KHTML, like Gecko) Chrome/83.0.4103.97 Safari/537.36"
::1 - - [17/Sep/2020:08:51:36 +0000] "POST /user/login HTTP/1.1" 200 405 "http://localhost:8081/" "Mozilla/5.0 (Windows NT 10.0; WOW64) AppleWebKit/537.36 (KHTML, like Gecko) Chrome/83.0.4103.97 Safari/537.36"
::1 - - [17/Sep/2020:08:51:36 +0000] "GET /user/userInfo HTTP/1.1" 401 - "http://localhost:8081/" "Mozilla/5.0 (Windows NT 10.0; WOW64) AppleWebKit/537.36 (KHTML, like Gecko) Chrome/83.0.4103.97 Safari/537.36"
::1 - - [17/Sep/2020:08:52:34 +0000] "POST /user/logout HTTP/1.1" 401 44 "http://localhost:8081/" "Mozilla/5.0 (Windows NT 10.0; WOW64) AppleWebKit/537.36 (KHTML, like Gecko) Chrome/83.0.4103.97 Safari/537.36"
::1 - - [17/Sep/2020:08:52:46 +0000] "POST /user/login HTTP/1.1" 200 405 "http://localhost:8081/" "Mozilla/5.0 (Windows NT 10.0; WOW64) AppleWebKit/537.36 (KHTML, like Gecko) Chrome/83.0.4103.97 Safari/537.36"
::1 - - [17/Sep/2020:08:52:46 +0000] "GET /user/userInfo HTTP/1.1" 401 - "http://localhost:8081/" "Mozilla/5.0 (Windows NT 10.0; WOW64) AppleWebKit/537.36 (KHTML, like Gecko) Chrome/83.0.4103.97 Safari/537.36"
::1 - - [17/Sep/2020:08:53:11 +0000] "POST /user/login HTTP/1.1" 200 405 "http://localhost:8081/" "Mozilla/5.0 (Windows NT 10.0; WOW64) AppleWebKit/537.36 (KHTML, like Gecko) Chrome/83.0.4103.97 Safari/537.36"
::1 - - [17/Sep/2020:08:53:41 +0000] "GET /user/userInfo HTTP/1.1" 401 - "http://localhost:8081/" "Mozilla/5.0 (Windows NT 10.0; WOW64) AppleWebKit/537.36 (KHTML, like Gecko) Chrome/83.0.4103.97 Safari/537.36"
::1 - - [17/Sep/2020:08:54:19 +0000] "POST /user/login HTTP/1.1" 200 405 "http://localhost:8081/" "Mozilla/5.0 (Windows NT 10.0; WOW64) AppleWebKit/537.36 (KHTML, like Gecko) Chrome/83.0.4103.97 Safari/537.36"
::1 - - [17/Sep/2020:08:54:19 +0000] "GET /user/userInfo HTTP/1.1" 401 - "http://localhost:8081/" "Mozilla/5.0 (Windows NT 10.0; WOW64) AppleWebKit/537.36 (KHTML, like Gecko) Chrome/83.0.4103.97 Safari/537.36"
::1 - - [17/Sep/2020:08:54:35 +0000] "POST /user/login HTTP/1.1" 200 405 "http://localhost:8081/" "Mozilla/5.0 (Windows NT 10.0; WOW64) AppleWebKit/537.36 (KHTML, like Gecko) Chrome/83.0.4103.97 Safari/537.36"
::1 - - [17/Sep/2020:08:54:35 +0000] "GET /user/userInfo HTTP/1.1" 401 - "http://localhost:8081/" "Mozilla/5.0 (Windows NT 10.0; WOW64) AppleWebKit/537.36 (KHTML, like Gecko) Chrome/83.0.4103.97 Safari/537.36"
::1 - - [17/Sep/2020:08:58:50 +0000] "POST /user/login HTTP/1.1" 200 405 "-" "PostmanRuntime/7.6.0"
::1 - - [17/Sep/2020:09:00:51 +0000] "GET /user HTTP/1.1" 200 32 "-" "PostmanRuntime/7.6.0"
::1 - - [17/Sep/2020:09:02:06 +0000] "GET /user/userInfo HTTP/1.1" 200 32 "-" "PostmanRuntime/7.6.0"
::1 - - [17/Sep/2020:09:03:09 +0000] "GET /user/userInfo HTTP/1.1" 200 32 "-" "PostmanRuntime/7.6.0"
::1 - - [17/Sep/2020:09:03:26 +0000] "GET /user/userInfo HTTP/1.1" 200 32 "-" "PostmanRuntime/7.6.0"
::1 - - [17/Sep/2020:09:03:28 +0000] "GET /user/userInfo HTTP/1.1" 200 32 "-" "PostmanRuntime/7.6.0"
::1 - - [17/Sep/2020:09:05:33 +0000] "POST /user/login HTTP/1.1" 200 405 "http://localhost:8081/" "Mozilla/5.0 (Windows NT 10.0; WOW64) AppleWebKit/537.36 (KHTML, like Gecko) Chrome/83.0.4103.97 Safari/537.36"
::1 - - [17/Sep/2020:09:06:29 +0000] "GET /user/userInfo HTTP/1.1" 401 - "http://localhost:8081/" "Mozilla/5.0 (Windows NT 10.0; WOW64) AppleWebKit/537.36 (KHTML, like Gecko) Chrome/83.0.4103.97 Safari/537.36"
::1 - - [17/Sep/2020:09:06:49 +0000] "POST /user/login HTTP/1.1" 200 405 "http://localhost:8081/" "Mozilla/5.0 (Windows NT 10.0; WOW64) AppleWebKit/537.36 (KHTML, like Gecko) Chrome/83.0.4103.97 Safari/537.36"
::1 - - [17/Sep/2020:09:06:49 +0000] "GET /user/userInfo HTTP/1.1" 401 - "http://localhost:8081/" "Mozilla/5.0 (Windows NT 10.0; WOW64) AppleWebKit/537.36 (KHTML, like Gecko) Chrome/83.0.4103.97 Safari/537.36"
::1 - - [17/Sep/2020:09:07:57 +0000] "POST /user/login HTTP/1.1" 200 405 "http://localhost:8081/" "Mozilla/5.0 (Windows NT 10.0; WOW64) AppleWebKit/537.36 (KHTML, like Gecko) Chrome/83.0.4103.97 Safari/537.36"
::1 - - [17/Sep/2020:09:07:57 +0000] "GET /user/userInfo HTTP/1.1" 401 - "http://localhost:8081/" "Mozilla/5.0 (Windows NT 10.0; WOW64) AppleWebKit/537.36 (KHTML, like Gecko) Chrome/83.0.4103.97 Safari/537.36"
::1 - - [17/Sep/2020:09:10:16 +0000] "POST /user/login HTTP/1.1" 200 45 "http://localhost:8081/" "Mozilla/5.0 (Windows NT 10.0; WOW64) AppleWebKit/537.36 (KHTML, like Gecko) Chrome/83.0.4103.97 Safari/537.36"
::1 - - [17/Sep/2020:09:10:52 +0000] "POST /user/login HTTP/1.1" 200 405 "http://localhost:8081/" "Mozilla/5.0 (Windows NT 10.0; WOW64) AppleWebKit/537.36 (KHTML, like Gecko) Chrome/83.0.4103.97 Safari/537.36"
::1 - - [17/Sep/2020:09:10:52 +0000] "GET /user/userInfo HTTP/1.1" 401 - "http://localhost:8081/" "Mozilla/5.0 (Windows NT 10.0; WOW64) AppleWebKit/537.36 (KHTML, like Gecko) Chrome/83.0.4103.97 Safari/537.36"
::1 - - [17/Sep/2020:09:11:34 +0000] "POST /user/login HTTP/1.1" 200 405 "http://localhost:8081/" "Mozilla/5.0 (Windows NT 10.0; WOW64) AppleWebKit/537.36 (KHTML, like Gecko) Chrome/83.0.4103.97 Safari/537.36"
::1 - - [17/Sep/2020:09:11:34 +0000] "GET /user/userInfo HTTP/1.1" 401 - "http://localhost:8081/" "Mozilla/5.0 (Windows NT 10.0; WOW64) AppleWebKit/537.36 (KHTML, like Gecko) Chrome/83.0.4103.97 Safari/537.36"
::1 - - [17/Sep/2020:09:11:54 +0000] "GET /user/userInfo HTTP/1.1" 200 32 "http://localhost:8081/" "Mozilla/5.0 (Windows NT 10.0; WOW64) AppleWebKit/537.36 (KHTML, like Gecko) Chrome/83.0.4103.97 Safari/537.36"
::1 - - [17/Sep/2020:09:12:04 +0000] "POST /user/login HTTP/1.1" 200 405 "http://localhost:8081/" "Mozilla/5.0 (Windows NT 10.0; WOW64) AppleWebKit/537.36 (KHTML, like Gecko) Chrome/83.0.4103.97 Safari/537.36"
::1 - - [17/Sep/2020:09:12:04 +0000] "GET /user/userInfo HTTP/1.1" 304 - "http://localhost:8081/" "Mozilla/5.0 (Windows NT 10.0; WOW64) AppleWebKit/537.36 (KHTML, like Gecko) Chrome/83.0.4103.97 Safari/537.36"
::1 - - [17/Sep/2020:09:13:01 +0000] "GET /user/userInfo HTTP/1.1" 304 - "http://localhost:8081/" "Mozilla/5.0 (Windows NT 10.0; WOW64) AppleWebKit/537.36 (KHTML, like Gecko) Chrome/83.0.4103.97 Safari/537.36"
::1 - - [17/Sep/2020:09:13:09 +0000] "POST /user/login HTTP/1.1" 200 405 "http://localhost:8081/" "Mozilla/5.0 (Windows NT 10.0; WOW64) AppleWebKit/537.36 (KHTML, like Gecko) Chrome/83.0.4103.97 Safari/537.36"
::1 - - [17/Sep/2020:09:13:09 +0000] "GET /user/userInfo HTTP/1.1" 304 - "http://localhost:8081/" "Mozilla/5.0 (Windows NT 10.0; WOW64) AppleWebKit/537.36 (KHTML, like Gecko) Chrome/83.0.4103.97 Safari/537.36"
::1 - - [17/Sep/2020:09:13:30 +0000] "GET /user/userInfo HTTP/1.1" 304 - "http://localhost:8081/" "Mozilla/5.0 (Windows NT 10.0; WOW64) AppleWebKit/537.36 (KHTML, like Gecko) Chrome/83.0.4103.97 Safari/537.36"
::1 - - [17/Sep/2020:09:13:38 +0000] "POST /user/login HTTP/1.1" 200 405 "http://localhost:8081/" "Mozilla/5.0 (Windows NT 10.0; WOW64) AppleWebKit/537.36 (KHTML, like Gecko) Chrome/83.0.4103.97 Safari/537.36"
::1 - - [17/Sep/2020:09:13:38 +0000] "GET /user/userInfo HTTP/1.1" 304 - "http://localhost:8081/" "Mozilla/5.0 (Windows NT 10.0; WOW64) AppleWebKit/537.36 (KHTML, like Gecko) Chrome/83.0.4103.97 Safari/537.36"
::1 - - [17/Sep/2020:09:27:07 +0000] "POST /user/login HTTP/1.1" 200 405 "-" "PostmanRuntime/7.6.0"
::1 - - [17/Sep/2020:09:27:17 +0000] "GET /user/userInfo HTTP/1.1" 200 32 "-" "PostmanRuntime/7.6.0"
::1 - - [17/Sep/2020:09:28:04 +0000] "GET /user/userInfo HTTP/1.1" 200 40 "-" "PostmanRuntime/7.6.0"
::1 - - [17/Sep/2020:09:28:35 +0000] "GET /user/userInfo HTTP/1.1" 200 40 "-" "PostmanRuntime/7.6.0"
::1 - - [17/Sep/2020:09:29:41 +0000] "GET /user/userInfo HTTP/1.1" 200 40 "-" "PostmanRuntime/7.6.0"
::1 - - [17/Sep/2020:09:49:31 +0000] "GET /user/userInfo HTTP/1.1" 200 40 "-" "PostmanRuntime/7.6.0"
::1 - - [17/Sep/2020:09:54:03 +0000] "GET /user/userInfo HTTP/1.1" 200 33 "-" "PostmanRuntime/7.6.0"
::1 - - [17/Sep/2020:09:54:29 +0000] "GET /user/userInfo HTTP/1.1" 200 40 "-" "PostmanRuntime/7.6.0"
::1 - - [17/Sep/2020:09:55:37 +0000] "GET /user/userInfo HTTP/1.1" 200 40 "-" "PostmanRuntime/7.6.0"
::1 - - [17/Sep/2020:09:55:46 +0000] "GET /user/userInfo HTTP/1.1" 200 168 "-" "PostmanRuntime/7.6.0"
::1 - - [17/Sep/2020:10:07:51 +0000] "GET /user/userInfo HTTP/1.1" 200 168 "http://localhost:8081/" "Mozilla/5.0 (Windows NT 10.0; WOW64) AppleWebKit/537.36 (KHTML, like Gecko) Chrome/83.0.4103.97 Safari/537.36"
::1 - - [17/Sep/2020:10:12:14 +0000] "POST /user/login HTTP/1.1" 200 405 "http://localhost:8081/" "Mozilla/5.0 (Windows NT 10.0; WOW64) AppleWebKit/537.36 (KHTML, like Gecko) Chrome/83.0.4103.97 Safari/537.36"
::1 - - [17/Sep/2020:10:12:14 +0000] "GET /user/userInfo HTTP/1.1" 200 168 "http://localhost:8081/" "Mozilla/5.0 (Windows NT 10.0; WOW64) AppleWebKit/537.36 (KHTML, like Gecko) Chrome/83.0.4103.97 Safari/537.36"
::1 - - [17/Sep/2020:10:12:14 +0000] "GET /user/userInfo HTTP/1.1" 304 - "http://localhost:8081/" "Mozilla/5.0 (Windows NT 10.0; WOW64) AppleWebKit/537.36 (KHTML, like Gecko) Chrome/83.0.4103.97 Safari/537.36"
::1 - - [17/Sep/2020:10:12:22 +0000] "POST /user/logout HTTP/1.1" - - "http://localhost:8081/" "Mozilla/5.0 (Windows NT 10.0; WOW64) AppleWebKit/537.36 (KHTML, like Gecko) Chrome/83.0.4103.97 Safari/537.36"
::1 - - [17/Sep/2020:10:12:27 +0000] "POST /user/logout HTTP/1.1" - - "http://localhost:8081/" "Mozilla/5.0 (Windows NT 10.0; WOW64) AppleWebKit/537.36 (KHTML, like Gecko) Chrome/83.0.4103.97 Safari/537.36"
::1 - - [17/Sep/2020:10:16:12 +0000] "GET /user/userInfo HTTP/1.1" 304 - "http://localhost:8081/" "Mozilla/5.0 (Windows NT 10.0; WOW64) AppleWebKit/537.36 (KHTML, like Gecko) Chrome/83.0.4103.97 Safari/537.36"
::1 - - [17/Sep/2020:10:16:12 +0000] "GET /user/userInfo HTTP/1.1" 304 - "http://localhost:8081/" "Mozilla/5.0 (Windows NT 10.0; WOW64) AppleWebKit/537.36 (KHTML, like Gecko) Chrome/83.0.4103.97 Safari/537.36"
::1 - - [18/Sep/2020:02:15:18 +0000] "POST /user/login HTTP/1.1" 200 405 "-" "PostmanRuntime/7.6.0"
::1 - - [18/Sep/2020:02:15:30 +0000] "GET /user/userInfo HTTP/1.1" 401 44 "-" "PostmanRuntime/7.6.0"
::1 - - [18/Sep/2020:02:15:34 +0000] "GET /user/userInfo HTTP/1.1" 200 168 "-" "PostmanRuntime/7.6.0"
::1 - - [18/Sep/2020:02:15:49 +0000] "GET /user/userInfo HTTP/1.1" 200 168 "-" "PostmanRuntime/7.6.0"
::1 - - [18/Sep/2020:02:16:11 +0000] "GET /user/userInfo HTTP/1.1" 200 168 "-" "PostmanRuntime/7.6.0"
::1 - - [18/Sep/2020:03:06:02 +0000] "POST /user/login HTTP/1.1" 200 45 "http://localhost:8081/" "Mozilla/5.0 (Windows NT 10.0; WOW64) AppleWebKit/537.36 (KHTML, like Gecko) Chrome/83.0.4103.97 Safari/537.36"
::1 - - [18/Sep/2020:03:06:07 +0000] "POST /user/login HTTP/1.1" 200 405 "http://localhost:8081/" "Mozilla/5.0 (Windows NT 10.0; WOW64) AppleWebKit/537.36 (KHTML, like Gecko) Chrome/83.0.4103.97 Safari/537.36"
::1 - - [18/Sep/2020:03:06:07 +0000] "GET /user/userInfo HTTP/1.1" 200 168 "http://localhost:8081/" "Mozilla/5.0 (Windows NT 10.0; WOW64) AppleWebKit/537.36 (KHTML, like Gecko) Chrome/83.0.4103.97 Safari/537.36"
::1 - - [18/Sep/2020:03:06:07 +0000] "GET /user/userInfo HTTP/1.1" 304 - "http://localhost:8081/" "Mozilla/5.0 (Windows NT 10.0; WOW64) AppleWebKit/537.36 (KHTML, like Gecko) Chrome/83.0.4103.97 Safari/537.36"
::1 - - [18/Sep/2020:03:06:10 +0000] "GET /user/logout HTTP/1.1" 200 55 "http://localhost:8081/" "Mozilla/5.0 (Windows NT 10.0; WOW64) AppleWebKit/537.36 (KHTML, like Gecko) Chrome/83.0.4103.97 Safari/537.36"
::1 - - [18/Sep/2020:03:06:14 +0000] "POST /user/login HTTP/1.1" 200 45 "http://localhost:8081/" "Mozilla/5.0 (Windows NT 10.0; WOW64) AppleWebKit/537.36 (KHTML, like Gecko) Chrome/83.0.4103.97 Safari/537.36"
::1 - - [18/Sep/2020:03:06:20 +0000] "POST /user/login HTTP/1.1" 200 405 "http://localhost:8081/" "Mozilla/5.0 (Windows NT 10.0; WOW64) AppleWebKit/537.36 (KHTML, like Gecko) Chrome/83.0.4103.97 Safari/537.36"
::1 - - [18/Sep/2020:03:06:21 +0000] "GET /user/userInfo HTTP/1.1" 200 168 "http://localhost:8081/" "Mozilla/5.0 (Windows NT 10.0; WOW64) AppleWebKit/537.36 (KHTML, like Gecko) Chrome/83.0.4103.97 Safari/537.36"
::1 - - [18/Sep/2020:03:06:21 +0000] "GET /user/userInfo HTTP/1.1" 304 - "http://localhost:8081/" "Mozilla/5.0 (Windows NT 10.0; WOW64) AppleWebKit/537.36 (KHTML, like Gecko) Chrome/83.0.4103.97 Safari/537.36"
::1 - - [18/Sep/2020:03:06:39 +0000] "GET /user/logout HTTP/1.1" 304 - "http://localhost:8081/" "Mozilla/5.0 (Windows NT 10.0; WOW64) AppleWebKit/537.36 (KHTML, like Gecko) Chrome/83.0.4103.97 Safari/537.36"
::1 - - [18/Sep/2020:03:07:13 +0000] "POST /user/login HTTP/1.1" 200 405 "http://localhost:8081/" "Mozilla/5.0 (Windows NT 10.0; WOW64) AppleWebKit/537.36 (KHTML, like Gecko) Chrome/83.0.4103.97 Safari/537.36"
::1 - - [18/Sep/2020:03:07:13 +0000] "GET /user/userInfo HTTP/1.1" 200 168 "http://localhost:8081/" "Mozilla/5.0 (Windows NT 10.0; WOW64) AppleWebKit/537.36 (KHTML, like Gecko) Chrome/83.0.4103.97 Safari/537.36"
::1 - - [18/Sep/2020:03:07:13 +0000] "GET /user/userInfo HTTP/1.1" 304 - "http://localhost:8081/" "Mozilla/5.0 (Windows NT 10.0; WOW64) AppleWebKit/537.36 (KHTML, like Gecko) Chrome/83.0.4103.97 Safari/537.36"
::1 - - [18/Sep/2020:03:07:52 +0000] "GET /user/userInfo HTTP/1.1" 304 - "http://localhost:8081/" "Mozilla/5.0 (Windows NT 10.0; WOW64) AppleWebKit/537.36 (KHTML, like Gecko) Chrome/83.0.4103.97 Safari/537.36"
::1 - - [18/Sep/2020:03:08:08 +0000] "GET /user/userInfo HTTP/1.1" 304 - "http://localhost:8081/" "Mozilla/5.0 (Windows NT 10.0; WOW64) AppleWebKit/537.36 (KHTML, like Gecko) Chrome/83.0.4103.97 Safari/537.36"
::1 - - [18/Sep/2020:03:09:26 +0000] "GET /user/logout HTTP/1.1" 200 55 "-" "PostmanRuntime/7.6.0"
::1 - - [18/Sep/2020:06:12:48 +0000] "GET /vue-admin-template/table/list HTTP/1.1" - - "http://localhost:8081/" "Mozilla/5.0 (Windows NT 10.0; WOW64) AppleWebKit/537.36 (KHTML, like Gecko) Chrome/83.0.4103.97 Safari/537.36"
::1 - - [18/Sep/2020:06:12:50 +0000] "GET /vue-admin-template/table/list HTTP/1.1" - - "http://localhost:8081/" "Mozilla/5.0 (Windows NT 10.0; WOW64) AppleWebKit/537.36 (KHTML, like Gecko) Chrome/83.0.4103.97 Safari/537.36"
::1 - - [18/Sep/2020:06:12:52 +0000] "GET /vue-admin-template/table/list HTTP/1.1" - - "http://localhost:8081/" "Mozilla/5.0 (Windows NT 10.0; WOW64) AppleWebKit/537.36 (KHTML, like Gecko) Chrome/83.0.4103.97 Safari/537.36"
::1 - - [18/Sep/2020:06:13:13 +0000] "GET /user/userInfo HTTP/1.1" 304 - "http://localhost:8081/" "Mozilla/5.0 (Windows NT 10.0; WOW64) AppleWebKit/537.36 (KHTML, like Gecko) Chrome/83.0.4103.97 Safari/537.36"
::1 - - [18/Sep/2020:06:24:26 +0000] "GET /user/userInfo HTTP/1.1" 200 168 "http://localhost:8081/" "Mozilla/5.0 (Windows NT 10.0; WOW64) AppleWebKit/537.36 (KHTML, like Gecko) Chrome/83.0.4103.97 Safari/537.36"
::1 - - [18/Sep/2020:06:24:54 +0000] "POST /user/login HTTP/1.1" 200 45 "http://localhost:8081/" "Mozilla/5.0 (Windows NT 10.0; WOW64) AppleWebKit/537.36 (KHTML, like Gecko) Chrome/83.0.4103.97 Safari/537.36"
::1 - - [18/Sep/2020:06:24:58 +0000] "POST /user/login HTTP/1.1" 200 405 "http://localhost:8081/" "Mozilla/5.0 (Windows NT 10.0; WOW64) AppleWebKit/537.36 (KHTML, like Gecko) Chrome/83.0.4103.97 Safari/537.36"
::1 - - [18/Sep/2020:06:24:59 +0000] "GET /user/userInfo HTTP/1.1" 200 168 "http://localhost:8081/" "Mozilla/5.0 (Windows NT 10.0; WOW64) AppleWebKit/537.36 (KHTML, like Gecko) Chrome/83.0.4103.97 Safari/537.36"
::1 - - [18/Sep/2020:06:26:25 +0000] "GET /user/userInfo HTTP/1.1" 200 168 "http://localhost:8081/" "Mozilla/5.0 (Windows NT 10.0; WOW64) AppleWebKit/537.36 (KHTML, like Gecko) Chrome/83.0.4103.97 Safari/537.36"
::1 - - [18/Sep/2020:06:26:33 +0000] "GET /user/userInfo HTTP/1.1" 304 - "http://localhost:8081/" "Mozilla/5.0 (Windows NT 10.0; WOW64) AppleWebKit/537.36 (KHTML, like Gecko) Chrome/83.0.4103.97 Safari/537.36"
::1 - - [18/Sep/2020:06:26:37 +0000] "GET /user/userInfo HTTP/1.1" 200 168 "http://localhost:8081/" "Mozilla/5.0 (Windows NT 10.0; WOW64) AppleWebKit/537.36 (KHTML, like Gecko) Chrome/83.0.4103.97 Safari/537.36"
::1 - - [21/Sep/2020:07:08:40 +0000] "POST /user/login HTTP/1.1" 200 45 "http://localhost:8080/" "Mozilla/5.0 (Windows NT 10.0; WOW64) AppleWebKit/537.36 (KHTML, like Gecko) Chrome/83.0.4103.97 Safari/537.36"
::1 - - [21/Sep/2020:07:08:45 +0000] "POST /user/login HTTP/1.1" 200 405 "http://localhost:8080/" "Mozilla/5.0 (Windows NT 10.0; WOW64) AppleWebKit/537.36 (KHTML, like Gecko) Chrome/83.0.4103.97 Safari/537.36"
::1 - - [21/Sep/2020:07:08:45 +0000] "GET /user/userInfo HTTP/1.1" 200 168 "http://localhost:8080/" "Mozilla/5.0 (Windows NT 10.0; WOW64) AppleWebKit/537.36 (KHTML, like Gecko) Chrome/83.0.4103.97 Safari/537.36"
::1 - - [21/Sep/2020:07:11:40 +0000] "GET /user/userInfo HTTP/1.1" 304 - "http://localhost:8080/" "Mozilla/5.0 (Windows NT 10.0; WOW64) AppleWebKit/537.36 (KHTML, like Gecko) Chrome/83.0.4103.97 Safari/537.36"
::1 - - [21/Sep/2020:07:13:22 +0000] "GET /user/userInfo HTTP/1.1" 304 - "http://localhost:8080/" "Mozilla/5.0 (Windows NT 10.0; WOW64) AppleWebKit/537.36 (KHTML, like Gecko) Chrome/83.0.4103.97 Safari/537.36"
::1 - - [21/Sep/2020:07:17:14 +0000] "GET /user/userInfo HTTP/1.1" 200 168 "http://localhost:8080/" "Mozilla/5.0 (Windows NT 10.0; WOW64) AppleWebKit/537.36 (KHTML, like Gecko) Chrome/83.0.4103.97 Safari/537.36"
::1 - - [21/Sep/2020:07:18:38 +0000] "GET /user/userInfo HTTP/1.1" 200 168 "http://localhost:8080/" "Mozilla/5.0 (Windows NT 10.0; WOW64) AppleWebKit/537.36 (KHTML, like Gecko) Chrome/83.0.4103.97 Safari/537.36"
::1 - - [21/Sep/2020:07:49:26 +0000] "GET /user/userInfo HTTP/1.1" 304 - "http://localhost:8080/" "Mozilla/5.0 (Windows NT 10.0; WOW64) AppleWebKit/537.36 (KHTML, like Gecko) Chrome/83.0.4103.97 Safari/537.36"
::1 - - [21/Sep/2020:07:51:07 +0000] "GET /user/userInfo HTTP/1.1" 200 168 "http://localhost:8080/" "Mozilla/5.0 (Windows NT 10.0; WOW64) AppleWebKit/537.36 (KHTML, like Gecko) Chrome/83.0.4103.97 Safari/537.36"
::1 - - [21/Sep/2020:07:51:21 +0000] "GET /user/userInfo HTTP/1.1" 200 168 "http://localhost:8080/" "Mozilla/5.0 (Windows NT 10.0; WOW64) AppleWebKit/537.36 (KHTML, like Gecko) Chrome/83.0.4103.97 Safari/537.36"
::1 - - [21/Sep/2020:07:52:34 +0000] "GET /user/userInfo HTTP/1.1" 200 168 "http://localhost:8080/" "Mozilla/5.0 (Windows NT 10.0; WOW64) AppleWebKit/537.36 (KHTML, like Gecko) Chrome/83.0.4103.97 Safari/537.36"
::1 - - [21/Sep/2020:07:53:07 +0000] "POST /user/addUser HTTP/1.1" 200 121 "http://localhost:8080/" "Mozilla/5.0 (Windows NT 10.0; WOW64) AppleWebKit/537.36 (KHTML, like Gecko) Chrome/83.0.4103.97 Safari/537.36"
::1 - - [21/Sep/2020:07:55:14 +0000] "POST /user/addUser HTTP/1.1" 200 57 "http://localhost:8080/" "Mozilla/5.0 (Windows NT 10.0; WOW64) AppleWebKit/537.36 (KHTML, like Gecko) Chrome/83.0.4103.97 Safari/537.36"
::1 - - [21/Sep/2020:08:26:49 +0000] "GET /user/userList HTTP/1.1" 401 44 "-" "PostmanRuntime/7.6.0"
::1 - - [21/Sep/2020:08:26:55 +0000] "POST /user/login HTTP/1.1" 200 405 "-" "PostmanRuntime/7.6.0"
::1 - - [21/Sep/2020:08:27:09 +0000] "GET /user/userList HTTP/1.1" 200 33 "-" "PostmanRuntime/7.6.0"
::1 - - [21/Sep/2020:08:27:43 +0000] "GET /user/userList HTTP/1.1" 200 33 "-" "PostmanRuntime/7.6.0"
::1 - - [21/Sep/2020:08:28:08 +0000] "GET /user/userList HTTP/1.1" 200 233 "-" "PostmanRuntime/7.6.0"
::1 - - [21/Sep/2020:08:32:40 +0000] "GET /user/userInfo HTTP/1.1" 304 - "http://localhost:8080/" "Mozilla/5.0 (Windows NT 10.0; WOW64) AppleWebKit/537.36 (KHTML, like Gecko) Chrome/83.0.4103.97 Safari/537.36"
::1 - - [21/Sep/2020:08:35:30 +0000] "GET /user/userList HTTP/1.1" 200 233 "http://localhost:8080/" "Mozilla/5.0 (Windows NT 10.0; WOW64) AppleWebKit/537.36 (KHTML, like Gecko) Chrome/83.0.4103.97 Safari/537.36"
::1 - - [21/Sep/2020:08:36:08 +0000] "GET /user/userList HTTP/1.1" 304 - "http://localhost:8080/" "Mozilla/5.0 (Windows NT 10.0; WOW64) AppleWebKit/537.36 (KHTML, like Gecko) Chrome/83.0.4103.97 Safari/537.36"
::1 - - [21/Sep/2020:08:36:10 +0000] "GET /user/userList HTTP/1.1" 304 - "http://localhost:8080/" "Mozilla/5.0 (Windows NT 10.0; WOW64) AppleWebKit/537.36 (KHTML, like Gecko) Chrome/83.0.4103.97 Safari/537.36"
::1 - - [21/Sep/2020:08:36:15 +0000] "GET /user/userList HTTP/1.1" 304 - "http://localhost:8080/" "Mozilla/5.0 (Windows NT 10.0; WOW64) AppleWebKit/537.36 (KHTML, like Gecko) Chrome/83.0.4103.97 Safari/537.36"
::1 - - [21/Sep/2020:08:52:12 +0000] "GET /user/userList HTTP/1.1" 304 - "http://localhost:8080/" "Mozilla/5.0 (Windows NT 10.0; WOW64) AppleWebKit/537.36 (KHTML, like Gecko) Chrome/83.0.4103.97 Safari/537.36"
::1 - - [21/Sep/2020:09:07:09 +0000] "GET /user/userList HTTP/1.1" 304 - "http://localhost:8080/" "Mozilla/5.0 (Windows NT 10.0; WOW64) AppleWebKit/537.36 (KHTML, like Gecko) Chrome/83.0.4103.97 Safari/537.36"
::1 - - [21/Sep/2020:09:07:22 +0000] "GET /user/userInfo HTTP/1.1" 304 - "http://localhost:8080/" "Mozilla/5.0 (Windows NT 10.0; WOW64) AppleWebKit/537.36 (KHTML, like Gecko) Chrome/83.0.4103.97 Safari/537.36"
::1 - - [21/Sep/2020:09:07:22 +0000] "GET /user/userList HTTP/1.1" 304 - "http://localhost:8080/" "Mozilla/5.0 (Windows NT 10.0; WOW64) AppleWebKit/537.36 (KHTML, like Gecko) Chrome/83.0.4103.97 Safari/537.36"
::1 - - [21/Sep/2020:09:08:01 +0000] "GET /user/userInfo HTTP/1.1" 304 - "http://localhost:8080/" "Mozilla/5.0 (Windows NT 10.0; WOW64) AppleWebKit/537.36 (KHTML, like Gecko) Chrome/83.0.4103.97 Safari/537.36"
::1 - - [21/Sep/2020:09:08:02 +0000] "GET /user/userList HTTP/1.1" 304 - "http://localhost:8080/" "Mozilla/5.0 (Windows NT 10.0; WOW64) AppleWebKit/537.36 (KHTML, like Gecko) Chrome/83.0.4103.97 Safari/537.36"
::1 - - [21/Sep/2020:09:11:07 +0000] "GET /user/userList HTTP/1.1" 304 - "http://localhost:8080/" "Mozilla/5.0 (Windows NT 10.0; WOW64) AppleWebKit/537.36 (KHTML, like Gecko) Chrome/83.0.4103.97 Safari/537.36"
::1 - - [21/Sep/2020:09:11:10 +0000] "GET /user/userInfo HTTP/1.1" 200 168 "http://localhost:8080/" "Mozilla/5.0 (Windows NT 10.0; WOW64) AppleWebKit/537.36 (KHTML, like Gecko) Chrome/83.0.4103.97 Safari/537.36"
::1 - - [21/Sep/2020:09:11:10 +0000] "GET /user/userList HTTP/1.1" 200 233 "http://localhost:8080/" "Mozilla/5.0 (Windows NT 10.0; WOW64) AppleWebKit/537.36 (KHTML, like Gecko) Chrome/83.0.4103.97 Safari/537.36"
::1 - - [21/Sep/2020:09:12:41 +0000] "GET /user/userList HTTP/1.1" 304 - "http://localhost:8080/" "Mozilla/5.0 (Windows NT 10.0; WOW64) AppleWebKit/537.36 (KHTML, like Gecko) Chrome/83.0.4103.97 Safari/537.36"
::1 - - [21/Sep/2020:09:12:42 +0000] "GET /user/userInfo HTTP/1.1" 200 168 "http://localhost:8080/" "Mozilla/5.0 (Windows NT 10.0; WOW64) AppleWebKit/537.36 (KHTML, like Gecko) Chrome/83.0.4103.97 Safari/537.36"
::1 - - [21/Sep/2020:09:12:42 +0000] "GET /user/userList HTTP/1.1" 200 233 "http://localhost:8080/" "Mozilla/5.0 (Windows NT 10.0; WOW64) AppleWebKit/537.36 (KHTML, like Gecko) Chrome/83.0.4103.97 Safari/537.36"
::1 - - [21/Sep/2020:09:12:52 +0000] "POST /user/editUser HTTP/1.1" 200 134 "http://localhost:8080/" "Mozilla/5.0 (Windows NT 10.0; WOW64) AppleWebKit/537.36 (KHTML, like Gecko) Chrome/83.0.4103.97 Safari/537.36"
::1 - - [21/Sep/2020:09:12:52 +0000] "GET /user/userList HTTP/1.1" 200 233 "http://localhost:8080/" "Mozilla/5.0 (Windows NT 10.0; WOW64) AppleWebKit/537.36 (KHTML, like Gecko) Chrome/83.0.4103.97 Safari/537.36"
::1 - - [21/Sep/2020:09:13:16 +0000] "POST /user/editUser HTTP/1.1" 200 136 "http://localhost:8080/" "Mozilla/5.0 (Windows NT 10.0; WOW64) AppleWebKit/537.36 (KHTML, like Gecko) Chrome/83.0.4103.97 Safari/537.36"
::1 - - [21/Sep/2020:09:13:16 +0000] "GET /user/userList HTTP/1.1" 200 235 "http://localhost:8080/" "Mozilla/5.0 (Windows NT 10.0; WOW64) AppleWebKit/537.36 (KHTML, like Gecko) Chrome/83.0.4103.97 Safari/537.36"
